{"/home/renan/deep-keys/test.js":{"path":"/home/renan/deep-keys/test.js","s":{"1":1,"2":1,"3":1,"4":1,"5":1,"6":1,"7":1,"8":1,"9":1,"10":1,"11":1,"12":1,"13":1,"14":1,"15":1,"16":1,"17":1,"18":1,"19":1,"20":1,"21":1,"22":1,"23":1,"24":1,"25":1,"26":1,"27":1,"28":1,"29":1,"30":1,"31":1,"32":1,"33":1,"34":1,"35":1,"36":1},"b":{},"f":{"1":1,"2":1,"3":1,"4":1,"5":1,"6":1,"7":1,"8":1},"fnMap":{"1":{"name":"(anonymous_1)","line":9,"loc":{"start":{"line":9,"column":22},"end":{"line":9,"column":33}}},"2":{"name":"(anonymous_2)","line":11,"loc":{"start":{"line":11,"column":63},"end":{"line":11,"column":74}}},"3":{"name":"(anonymous_3)","line":16,"loc":{"start":{"line":16,"column":39},"end":{"line":16,"column":50}}},"4":{"name":"(anonymous_4)","line":23,"loc":{"start":{"line":23,"column":32},"end":{"line":23,"column":43}}},"5":{"name":"(anonymous_5)","line":52,"loc":{"start":{"line":52,"column":67},"end":{"line":52,"column":78}}},"6":{"name":"(anonymous_6)","line":65,"loc":{"start":{"line":65,"column":37},"end":{"line":65,"column":48}}},"7":{"name":"(anonymous_7)","line":76,"loc":{"start":{"line":76,"column":58},"end":{"line":76,"column":69}}},"8":{"name":"(anonymous_8)","line":82,"loc":{"start":{"line":82,"column":49},"end":{"line":82,"column":60}}}},"statementMap":{"1":{"start":{"line":3,"column":0},"end":{"line":3,"column":31}},"2":{"start":{"line":4,"column":0},"end":{"line":4,"column":25}},"3":{"start":{"line":7,"column":0},"end":{"line":7,"column":35}},"4":{"start":{"line":9,"column":0},"end":{"line":89,"column":3}},"5":{"start":{"line":11,"column":2},"end":{"line":14,"column":5}},"6":{"start":{"line":12,"column":4},"end":{"line":12,"column":69}},"7":{"start":{"line":13,"column":4},"end":{"line":13,"column":30}},"8":{"start":{"line":16,"column":2},"end":{"line":21,"column":5}},"9":{"start":{"line":17,"column":4},"end":{"line":19,"column":6}},"10":{"start":{"line":20,"column":4},"end":{"line":20,"column":41}},"11":{"start":{"line":23,"column":2},"end":{"line":50,"column":5}},"12":{"start":{"line":24,"column":4},"end":{"line":30,"column":6}},"13":{"start":{"line":31,"column":4},"end":{"line":31,"column":85}},"14":{"start":{"line":33,"column":4},"end":{"line":40,"column":6}},"15":{"start":{"line":41,"column":4},"end":{"line":49,"column":7}},"16":{"start":{"line":52,"column":2},"end":{"line":63,"column":5}},"17":{"start":{"line":53,"column":4},"end":{"line":60,"column":6}},"18":{"start":{"line":61,"column":4},"end":{"line":62,"column":65}},"19":{"start":{"line":65,"column":2},"end":{"line":74,"column":5}},"20":{"start":{"line":66,"column":4},"end":{"line":66,"column":34}},"21":{"start":{"line":67,"column":4},"end":{"line":67,"column":40}},"22":{"start":{"line":68,"column":4},"end":{"line":68,"column":34}},"23":{"start":{"line":69,"column":4},"end":{"line":69,"column":54}},"24":{"start":{"line":70,"column":4},"end":{"line":70,"column":42}},"25":{"start":{"line":71,"column":4},"end":{"line":71,"column":43}},"26":{"start":{"line":72,"column":4},"end":{"line":72,"column":42}},"27":{"start":{"line":73,"column":4},"end":{"line":73,"column":64}},"28":{"start":{"line":76,"column":2},"end":{"line":80,"column":5}},"29":{"start":{"line":77,"column":4},"end":{"line":77,"column":22}},"30":{"start":{"line":78,"column":4},"end":{"line":78,"column":32}},"31":{"start":{"line":79,"column":4},"end":{"line":79,"column":41}},"32":{"start":{"line":82,"column":2},"end":{"line":87,"column":5}},"33":{"start":{"line":83,"column":4},"end":{"line":83,"column":23}},"34":{"start":{"line":84,"column":4},"end":{"line":84,"column":37}},"35":{"start":{"line":85,"column":4},"end":{"line":85,"column":37}},"36":{"start":{"line":86,"column":4},"end":{"line":86,"column":48}}},"branchMap":{}},"/home/renan/deep-keys/index.js":{"path":"/home/renan/deep-keys/index.js","s":{"1":1,"2":62,"3":1,"4":1,"5":42,"6":62,"7":62,"8":28,"9":28,"10":12,"11":28,"12":34,"13":34,"14":42,"15":1,"16":14},"b":{"1":[62,62,29],"2":[28,34],"3":[12,16],"4":[12,16],"5":[5,7],"6":[28,16],"7":[21,13]},"f":{"1":62,"2":42,"3":62,"4":14},"fnMap":{"1":{"name":"isObject","line":9,"loc":{"start":{"line":9,"column":0},"end":{"line":9,"column":25}}},"2":{"name":"deepKeys","line":21,"loc":{"start":{"line":21,"column":0},"end":{"line":21,"column":52}}},"3":{"name":"(anonymous_3)","line":22,"loc":{"start":{"line":22,"column":27},"end":{"line":22,"column":40}}},"4":{"name":"(anonymous_4)","line":55,"loc":{"start":{"line":55,"column":17},"end":{"line":55,"column":46}}}},"statementMap":{"1":{"start":{"line":9,"column":0},"end":{"line":11,"column":1}},"2":{"start":{"line":10,"column":2},"end":{"line":10,"column":81}},"3":{"start":{"line":19,"column":0},"end":{"line":19,"column":28}},"4":{"start":{"line":21,"column":0},"end":{"line":39,"column":1}},"5":{"start":{"line":22,"column":2},"end":{"line":37,"column":5}},"6":{"start":{"line":24,"column":4},"end":{"line":24,"column":44}},"7":{"start":{"line":26,"column":4},"end":{"line":36,"column":5}},"8":{"start":{"line":28,"column":6},"end":{"line":28,"column":55}},"9":{"start":{"line":30,"column":6},"end":{"line":30,"column":57}},"10":{"start":{"line":30,"column":24},"end":{"line":30,"column":57}},"11":{"start":{"line":31,"column":6},"end":{"line":31,"column":59}},"12":{"start":{"line":34,"column":6},"end":{"line":34,"column":58}},"13":{"start":{"line":35,"column":6},"end":{"line":35,"column":21}},"14":{"start":{"line":38,"column":2},"end":{"line":38,"column":14}},"15":{"start":{"line":55,"column":0},"end":{"line":57,"column":2}},"16":{"start":{"line":56,"column":2},"end":{"line":56,"column":47}}},"branchMap":{"1":{"line":10,"type":"binary-expr","locations":[{"start":{"line":10,"column":9},"end":{"line":10,"column":23}},{"start":{"line":10,"column":27},"end":{"line":10,"column":52}},{"start":{"line":10,"column":56},"end":{"line":10,"column":80}}]},"2":{"line":26,"type":"if","locations":[{"start":{"line":26,"column":4},"end":{"line":26,"column":4}},{"start":{"line":26,"column":4},"end":{"line":26,"column":4}}]},"3":{"line":28,"type":"cond-expr","locations":[{"start":{"line":28,"column":23},"end":{"line":28,"column":45}},{"start":{"line":28,"column":48},"end":{"line":28,"column":54}}]},"4":{"line":30,"type":"if","locations":[{"start":{"line":30,"column":6},"end":{"line":30,"column":6}},{"start":{"line":30,"column":6},"end":{"line":30,"column":6}}]},"5":{"line":30,"type":"cond-expr","locations":[{"start":{"line":30,"column":44},"end":{"line":30,"column":45}},{"start":{"line":30,"column":48},"end":{"line":30,"column":55}}]},"6":{"line":31,"type":"binary-expr","locations":[{"start":{"line":31,"column":31},"end":{"line":31,"column":32}},{"start":{"line":31,"column":36},"end":{"line":31,"column":43}}]},"7":{"line":34,"type":"cond-expr","locations":[{"start":{"line":34,"column":25},"end":{"line":34,"column":47}},{"start":{"line":34,"column":50},"end":{"line":34,"column":57}}]}}}}