TN:
SF:/home/renan/deep-keys/test.js
FN:9,(anonymous_1)
FN:11,(anonymous_2)
FN:16,(anonymous_3)
FN:23,(anonymous_4)
FN:52,(anonymous_5)
FN:65,(anonymous_6)
FN:76,(anonymous_7)
FN:82,(anonymous_8)
FNF:8
FNH:8
FNDA:1,(anonymous_1)
FNDA:1,(anonymous_2)
FNDA:1,(anonymous_3)
FNDA:1,(anonymous_4)
FNDA:1,(anonymous_5)
FNDA:1,(anonymous_6)
FNDA:1,(anonymous_7)
FNDA:1,(anonymous_8)
DA:3,1
DA:4,1
DA:7,1
DA:9,1
DA:11,1
DA:12,1
DA:13,1
DA:16,1
DA:17,1
DA:20,1
DA:23,1
DA:24,1
DA:31,1
DA:33,1
DA:41,1
DA:52,1
DA:53,1
DA:61,1
DA:65,1
DA:66,1
DA:67,1
DA:68,1
DA:69,1
DA:70,1
DA:71,1
DA:72,1
DA:73,1
DA:76,1
DA:77,1
DA:78,1
DA:79,1
DA:82,1
DA:83,1
DA:84,1
DA:85,1
DA:86,1
LF:36
LH:36
BRF:0
BRH:0
end_of_record
TN:
SF:/home/renan/deep-keys/index.js
FN:9,isObject
FN:21,deepKeys
FN:22,(anonymous_3)
FN:55,(anonymous_4)
FNF:4
FNH:4
FNDA:62,isObject
FNDA:42,deepKeys
FNDA:62,(anonymous_3)
FNDA:14,(anonymous_4)
DA:9,1
DA:10,62
DA:19,1
DA:21,1
DA:22,42
DA:24,62
DA:26,62
DA:28,28
DA:30,28
DA:31,28
DA:34,34
DA:35,34
DA:38,42
DA:55,1
DA:56,14
LF:15
LH:15
BRDA:10,1,0,62
BRDA:10,1,1,62
BRDA:10,1,2,29
BRDA:26,2,0,28
BRDA:26,2,1,34
BRDA:28,3,0,12
BRDA:28,3,1,16
BRDA:30,4,0,12
BRDA:30,4,1,16
BRDA:30,5,0,5
BRDA:30,5,1,7
BRDA:31,6,0,28
BRDA:31,6,1,16
BRDA:34,7,0,21
BRDA:34,7,1,13
BRF:15
BRH:15
end_of_record
